[debug] [2026-03-18T03:49:45.830Z] ----------------------------------------------------------------------
[debug] [2026-03-18T03:49:45.831Z] Command:       /Users/alcadeus/.nvm/versions/node/v20.19.4/bin/node /opt/homebrew/bin/firebase deploy --only functions
[debug] [2026-03-18T03:49:45.831Z] CLI Version:   15.3.1
[debug] [2026-03-18T03:49:45.831Z] Platform:      darwin
[debug] [2026-03-18T03:49:45.831Z] Node Version:  v20.19.4
[debug] [2026-03-18T03:49:45.831Z] Time:          Wed Mar 18 2026 06:49:45 GMT+0300 (Arabian Standard Time)
[debug] [2026-03-18T03:49:45.831Z] ----------------------------------------------------------------------
[debug] 
[debug] [2026-03-18T03:49:46.153Z] > command requires scopes: ["email","openid","https://www.googleapis.com/auth/cloudplatformprojects.readonly","https://www.googleapis.com/auth/firebase","https://www.googleapis.com/auth/cloud-platform"]
[debug] [2026-03-18T03:49:46.153Z] > authorizing via signed-in user (aazamthakur@gmail.com)
[debug] [2026-03-18T03:49:46.153Z] [iam] checking project reelx-backend for permissions ["cloudfunctions.functions.create","cloudfunctions.functions.delete","cloudfunctions.functions.get","cloudfunctions.functions.list","cloudfunctions.functions.update","cloudfunctions.operations.get","firebase.projects.get"]
[debug] [2026-03-18T03:49:46.153Z] Checked if tokens are valid: true, expires at: 1773809176840
[debug] [2026-03-18T03:49:46.153Z] Checked if tokens are valid: true, expires at: 1773809176840
[debug] [2026-03-18T03:49:46.154Z] >>> [apiv2][query] POST https://cloudresourcemanager.googleapis.com/v1/projects/reelx-backend:testIamPermissions [none]
[debug] [2026-03-18T03:49:46.154Z] >>> [apiv2][(partial)header] POST https://cloudresourcemanager.googleapis.com/v1/projects/reelx-backend:testIamPermissions x-goog-quota-user=projects/reelx-backend
[debug] [2026-03-18T03:49:46.154Z] >>> [apiv2][body] POST https://cloudresourcemanager.googleapis.com/v1/projects/reelx-backend:testIamPermissions {"permissions":["cloudfunctions.functions.create","cloudfunctions.functions.delete","cloudfunctions.functions.get","cloudfunctions.functions.list","cloudfunctions.functions.update","cloudfunctions.operations.get","firebase.projects.get"]}
[debug] [2026-03-18T03:49:47.364Z] <<< [apiv2][status] POST https://cloudresourcemanager.googleapis.com/v1/projects/reelx-backend:testIamPermissions 200
[debug] [2026-03-18T03:49:47.365Z] <<< [apiv2][body] POST https://cloudresourcemanager.googleapis.com/v1/projects/reelx-backend:testIamPermissions {"permissions":["cloudfunctions.functions.create","cloudfunctions.functions.delete","cloudfunctions.functions.get","cloudfunctions.functions.list","cloudfunctions.functions.update","cloudfunctions.operations.get","firebase.projects.get"]}
[debug] [2026-03-18T03:49:47.365Z] Checked if tokens are valid: true, expires at: 1773809176840
[debug] [2026-03-18T03:49:47.365Z] Checked if tokens are valid: true, expires at: 1773809176840
[debug] [2026-03-18T03:49:47.365Z] >>> [apiv2][query] POST https://iam.googleapis.com/v1/projects/reelx-backend/serviceAccounts/reelx-backend@appspot.gserviceaccount.com:testIamPermissions [none]
[debug] [2026-03-18T03:49:47.365Z] >>> [apiv2][body] POST https://iam.googleapis.com/v1/projects/reelx-backend/serviceAccounts/reelx-backend@appspot.gserviceaccount.com:testIamPermissions {"permissions":["iam.serviceAccounts.actAs"]}
[debug] [2026-03-18T03:49:48.790Z] <<< [apiv2][status] POST https://iam.googleapis.com/v1/projects/reelx-backend/serviceAccounts/reelx-backend@appspot.gserviceaccount.com:testIamPermissions 200
[debug] [2026-03-18T03:49:48.790Z] <<< [apiv2][body] POST https://iam.googleapis.com/v1/projects/reelx-backend/serviceAccounts/reelx-backend@appspot.gserviceaccount.com:testIamPermissions {"permissions":["iam.serviceAccounts.actAs"]}
[info] 
[info] === Deploying to 'reelx-backend'...
[info] 
[info] i  deploying functions 
[info] Running command: npm --prefix "$RESOURCE_DIR" run lint
[info] Running command: npm --prefix "$RESOURCE_DIR" run build
[info] ✔  functions: Finished running predeploy script. 
[debug] [2026-03-18T03:49:51.854Z] Checked if tokens are valid: true, expires at: 1773809176840
[debug] [2026-03-18T03:49:51.854Z] Checked if tokens are valid: true, expires at: 1773809176840
[debug] [2026-03-18T03:49:51.854Z] >>> [apiv2][query] GET https://cloudresourcemanager.googleapis.com/v1/projects/reelx-backend [none]
[debug] [2026-03-18T03:49:52.091Z] <<< [apiv2][status] GET https://cloudresourcemanager.googleapis.com/v1/projects/reelx-backend 200
[debug] [2026-03-18T03:49:52.091Z] <<< [apiv2][body] GET https://cloudresourcemanager.googleapis.com/v1/projects/reelx-backend {"projectNumber":"516028101860","projectId":"reelx-backend","lifecycleState":"ACTIVE","name":"realx","labels":{"firebase":"enabled","firebase-core":"disabled"},"createTime":"2026-01-07T17:21:42.419564Z"}
[info] i  functions: preparing codebase default for deployment 
[info] i  functions: ensuring required API cloudfunctions.googleapis.com is enabled... 
[info] i  functions: ensuring required API cloudbuild.googleapis.com is enabled... 
[info] i  artifactregistry: ensuring required API artifactregistry.googleapis.com is enabled... 
[debug] [2026-03-18T03:49:52.094Z] Checked if tokens are valid: true, expires at: 1773809176840
[debug] [2026-03-18T03:49:52.094Z] Checked if tokens are valid: true, expires at: 1773809176840
[debug] [2026-03-18T03:49:52.094Z] >>> [apiv2][query] GET https://firebase.googleapis.com/v1beta1/projects/reelx-backend/adminSdkConfig [none]
[debug] [2026-03-18T03:49:52.901Z] <<< [apiv2][status] GET https://firebase.googleapis.com/v1beta1/projects/reelx-backend/adminSdkConfig 200
[debug] [2026-03-18T03:49:52.901Z] <<< [apiv2][body] GET https://firebase.googleapis.com/v1beta1/projects/reelx-backend/adminSdkConfig {"projectId":"reelx-backend","storageBucket":"reelx-backend.firebasestorage.app"}
[debug] [2026-03-18T03:49:52.903Z] Validating nodejs source
[warn] ⚠  functions: Runtime Node.js 20 will be deprecated on 2026-04-30 and will be decommissioned on 2026-10-30, after which you will not be able to deploy without upgrading. Consider upgrading now to avoid disruption. See https://cloud.google.com/functions/docs/runtime-support for full details on the lifecycle policy 
[warn] ⚠  functions: Couldn't find firebase-functions package in your source code. Have you run 'npm install'? 
[debug] [2026-03-18T03:49:52.905Z] getFunctionsSDKVersion encountered error: Cannot find module 'firebase-functions'
Require stack:
- /opt/homebrew/lib/node_modules/firebase-tools/lib/deploy/functions/runtimes/node/versioning.js
- /opt/homebrew/lib/node_modules/firebase-tools/lib/deploy/functions/runtimes/node/index.js
- /opt/homebrew/lib/node_modules/firebase-tools/lib/deploy/functions/runtimes/index.js
- /opt/homebrew/lib/node_modules/firebase-tools/lib/deploy/functions/prepare.js
- /opt/homebrew/lib/node_modules/firebase-tools/lib/emulator/functionsEmulatorShared.js
- /opt/homebrew/lib/node_modules/firebase-tools/lib/frameworks/index.js
- /opt/homebrew/lib/node_modules/firebase-tools/lib/deploy/hosting/prepare.js
- /opt/homebrew/lib/node_modules/firebase-tools/lib/deploy/hosting/index.js
- /opt/homebrew/lib/node_modules/firebase-tools/lib/deploy/index.js
- /opt/homebrew/lib/node_modules/firebase-tools/lib/commands/deploy.js
- /opt/homebrew/lib/node_modules/firebase-tools/lib/commands/index.js
- /opt/homebrew/lib/node_modules/firebase-tools/lib/index.js
- /opt/homebrew/lib/node_modules/firebase-tools/lib/bin/cli.js
- /opt/homebrew/lib/node_modules/firebase-tools/lib/bin/firebase.js {"code":"MODULE_NOT_FOUND","requireStack":["/opt/homebrew/lib/node_modules/firebase-tools/lib/deploy/functions/runtimes/node/versioning.js","/opt/homebrew/lib/node_modules/firebase-tools/lib/deploy/functions/runtimes/node/index.js","/opt/homebrew/lib/node_modules/firebase-tools/lib/deploy/functions/runtimes/index.js","/opt/homebrew/lib/node_modules/firebase-tools/lib/deploy/functions/prepare.js","/opt/homebrew/lib/node_modules/firebase-tools/lib/emulator/functionsEmulatorShared.js","/opt/homebrew/lib/node_modules/firebase-tools/lib/frameworks/index.js","/opt/homebrew/lib/node_modules/firebase-tools/lib/deploy/hosting/prepare.js","/opt/homebrew/lib/node_modules/firebase-tools/lib/deploy/hosting/index.js","/opt/homebrew/lib/node_modules/firebase-tools/lib/deploy/index.js","/opt/homebrew/lib/node_modules/firebase-tools/lib/commands/deploy.js","/opt/homebrew/lib/node_modules/firebase-tools/lib/commands/index.js","/opt/homebrew/lib/node_modules/firebase-tools/lib/index.js","/opt/homebrew/lib/node_modules/firebase-tools/lib/bin/cli.js","/opt/homebrew/lib/node_modules/firebase-tools/lib/bin/firebase.js"]}
[debug] [2026-03-18T03:49:52.907Z] checkFunctionsSDKVersion encountered error: Invalid Version:  {}
[debug] [2026-03-18T03:49:52.908Z] > [functions] package.json contents: {
  "name": "functions",
  "scripts": {
    "lint": "ESLINT_USE_FLAT_CONFIG=false eslint .",
    "build": "tsc",
    "build:watch": "tsc --watch",
    "serve": "npm run build && firebase emulators:start --only functions",
    "shell": "npm run build && firebase functions:shell",
    "start": "npm run shell",
    "deploy": "firebase deploy --only functions",
    "logs": "firebase functions:log"
  },
  "engines": {
    "node": "20"
  },
  "main": "lib/index.js",
  "dependencies": {
    "firebase-admin": "^13.6.0",
    "firebase-functions": "^7.0.0"
  },
  "devDependencies": {
    "@typescript-eslint/eslint-plugin": "^5.12.0",
    "@typescript-eslint/parser": "^5.12.0",
    "eslint": "^8.9.0",
    "eslint-config-google": "^0.14.0",
    "eslint-plugin-import": "^2.25.4",
    "firebase-functions-test": "^3.4.1",
    "typescript": "^5.7.3"
  },
  "private": true
}
[debug] [2026-03-18T03:49:52.908Z] Building nodejs source
[info] i  functions: Loading and analyzing source code for codebase default to determine what to deploy 
[debug] [2026-03-18T03:49:52.908Z] Could not parse firebase-functions version '' into semver.
[debug] [2026-03-18T03:49:52.910Z] Could not find functions.yaml. Must use http discovery
[debug] [2026-03-18T03:49:53.228Z] Error: Cannot find module 'firebase-functions'
Require stack:
- /opt/homebrew/lib/node_modules/firebase-tools/lib/deploy/functions/runtimes/node/index.js
- /opt/homebrew/lib/node_modules/firebase-tools/lib/deploy/functions/runtimes/index.js
- /opt/homebrew/lib/node_modules/firebase-tools/lib/deploy/functions/prepare.js
- /opt/homebrew/lib/node_modules/firebase-tools/lib/emulator/functionsEmulatorShared.js
- /opt/homebrew/lib/node_modules/firebase-tools/lib/frameworks/index.js
- /opt/homebrew/lib/node_modules/firebase-tools/lib/deploy/hosting/prepare.js
- /opt/homebrew/lib/node_modules/firebase-tools/lib/deploy/hosting/index.js
- /opt/homebrew/lib/node_modules/firebase-tools/lib/deploy/index.js
- /opt/homebrew/lib/node_modules/firebase-tools/lib/commands/deploy.js
- /opt/homebrew/lib/node_modules/firebase-tools/lib/commands/index.js
- /opt/homebrew/lib/node_modules/firebase-tools/lib/index.js
- /opt/homebrew/lib/node_modules/firebase-tools/lib/bin/cli.js
- /opt/homebrew/lib/node_modules/firebase-tools/lib/bin/firebase.js
    at Module._resolveFilename (node:internal/modules/cjs/loader:1212:15)
    at Function.resolve (node:internal/modules/helpers:193:19)
    at Delegate.findFunctionsBinary (/opt/homebrew/lib/node_modules/firebase-tools/lib/deploy/functions/runtimes/node/index.js:101:33)
    at Delegate.spawnFunctionsProcess (/opt/homebrew/lib/node_modules/firebase-tools/lib/deploy/functions/runtimes/node/index.js:131:30)
    at Delegate.serveAdmin (/opt/homebrew/lib/node_modules/firebase-tools/lib/deploy/functions/runtimes/node/index.js:152:35)
    at Delegate.discoverBuild (/opt/homebrew/lib/node_modules/firebase-tools/lib/deploy/functions/runtimes/node/index.js:192:41)
    at process.processTicksAndRejections (node:internal/process/task_queues:95:5)
    at async loadCodebases (/opt/homebrew/lib/node_modules/firebase-tools/lib/deploy/functions/prepare.js:330:33)
    at async prepare (/opt/homebrew/lib/node_modules/firebase-tools/lib/deploy/functions/prepare.js:69:24)
    at async chain (/opt/homebrew/lib/node_modules/firebase-tools/lib/deploy/index.js:43:9)
[error] 
[error] Error: An unexpected error has occurred.
[debug] [2026-03-18T03:49:53.501Z] Error: EPERM: operation not permitted, open '/Users/alcadeus/.config/configstore/firebase-tools.json.588859478'
    at Object.openSync (node:fs:574:18)
    at Function.writeFileSync [as sync] (/opt/homebrew/lib/node_modules/firebase-tools/node_modules/write-file-atomic/index.js:205:13)
    at set all [as all] (/opt/homebrew/lib/node_modules/firebase-tools/node_modules/configstore/index.js:61:20)
    at Configstore.set (/opt/homebrew/lib/node_modules/firebase-tools/node_modules/configstore/index.js:91:12)
    at process.<anonymous> (/opt/homebrew/lib/node_modules/firebase-tools/lib/bin/cli.js:62:39)
    at process.emit (node:events:536:35)
    at process.exit (node:internal/process/per_thread:184:15)
    at Timeout._onTimeout (/opt/homebrew/lib/node_modules/firebase-tools/lib/errorOut.js:20:17)
    at listOnTimeout (node:internal/timers:581:17)
    at process.processTimers (node:internal/timers:519:7)
[error] 
[error] Error: An unexpected error has occurred.
[debug] [2026-03-18T03:50:27.583Z] ----------------------------------------------------------------------
[debug] [2026-03-18T03:50:27.584Z] Command:       /Users/alcadeus/.nvm/versions/node/v20.19.4/bin/node /opt/homebrew/bin/firebase deploy --only functions
[debug] [2026-03-18T03:50:27.585Z] CLI Version:   15.3.1
[debug] [2026-03-18T03:50:27.585Z] Platform:      darwin
[debug] [2026-03-18T03:50:27.585Z] Node Version:  v20.19.4
[debug] [2026-03-18T03:50:27.585Z] Time:          Wed Mar 18 2026 06:50:27 GMT+0300 (Arabian Standard Time)
[debug] [2026-03-18T03:50:27.585Z] ----------------------------------------------------------------------
[debug] 
[debug] [2026-03-18T03:50:27.890Z] > command requires scopes: ["email","openid","https://www.googleapis.com/auth/cloudplatformprojects.readonly","https://www.googleapis.com/auth/firebase","https://www.googleapis.com/auth/cloud-platform"]
[debug] [2026-03-18T03:50:27.890Z] > authorizing via signed-in user (aazamthakur@gmail.com)
[debug] [2026-03-18T03:50:27.890Z] [iam] checking project reelx-backend for permissions ["cloudfunctions.functions.create","cloudfunctions.functions.delete","cloudfunctions.functions.get","cloudfunctions.functions.list","cloudfunctions.functions.update","cloudfunctions.operations.get","firebase.projects.get"]
[debug] [2026-03-18T03:50:27.890Z] Checked if tokens are valid: true, expires at: 1773809176840
[debug] [2026-03-18T03:50:27.890Z] Checked if tokens are valid: true, expires at: 1773809176840
[debug] [2026-03-18T03:50:27.891Z] >>> [apiv2][query] POST https://cloudresourcemanager.googleapis.com/v1/projects/reelx-backend:testIamPermissions [none]
[debug] [2026-03-18T03:50:27.891Z] >>> [apiv2][(partial)header] POST https://cloudresourcemanager.googleapis.com/v1/projects/reelx-backend:testIamPermissions x-goog-quota-user=projects/reelx-backend
[debug] [2026-03-18T03:50:27.891Z] >>> [apiv2][body] POST https://cloudresourcemanager.googleapis.com/v1/projects/reelx-backend:testIamPermissions {"permissions":["cloudfunctions.functions.create","cloudfunctions.functions.delete","cloudfunctions.functions.get","cloudfunctions.functions.list","cloudfunctions.functions.update","cloudfunctions.operations.get","firebase.projects.get"]}
[debug] [2026-03-18T03:50:29.132Z] <<< [apiv2][status] POST https://cloudresourcemanager.googleapis.com/v1/projects/reelx-backend:testIamPermissions 200
[debug] [2026-03-18T03:50:29.133Z] <<< [apiv2][body] POST https://cloudresourcemanager.googleapis.com/v1/projects/reelx-backend:testIamPermissions {"permissions":["cloudfunctions.functions.create","cloudfunctions.functions.delete","cloudfunctions.functions.get","cloudfunctions.functions.list","cloudfunctions.functions.update","cloudfunctions.operations.get","firebase.projects.get"]}
[debug] [2026-03-18T03:50:29.133Z] Checked if tokens are valid: true, expires at: 1773809176840
[debug] [2026-03-18T03:50:29.133Z] Checked if tokens are valid: true, expires at: 1773809176840
[debug] [2026-03-18T03:50:29.133Z] >>> [apiv2][query] POST https://iam.googleapis.com/v1/projects/reelx-backend/serviceAccounts/reelx-backend@appspot.gserviceaccount.com:testIamPermissions [none]
[debug] [2026-03-18T03:50:29.133Z] >>> [apiv2][body] POST https://iam.googleapis.com/v1/projects/reelx-backend/serviceAccounts/reelx-backend@appspot.gserviceaccount.com:testIamPermissions {"permissions":["iam.serviceAccounts.actAs"]}
[debug] [2026-03-18T03:50:30.664Z] <<< [apiv2][status] POST https://iam.googleapis.com/v1/projects/reelx-backend/serviceAccounts/reelx-backend@appspot.gserviceaccount.com:testIamPermissions 200
[debug] [2026-03-18T03:50:30.664Z] <<< [apiv2][body] POST https://iam.googleapis.com/v1/projects/reelx-backend/serviceAccounts/reelx-backend@appspot.gserviceaccount.com:testIamPermissions {"permissions":["iam.serviceAccounts.actAs"]}
[info] 
[info] === Deploying to 'reelx-backend'...
[info] 
[info] i  deploying functions 
[info] Running command: npm --prefix "$RESOURCE_DIR" run lint
[info] Running command: npm --prefix "$RESOURCE_DIR" run build
[info] ✔  functions: Finished running predeploy script. 
[debug] [2026-03-18T03:50:32.099Z] Checked if tokens are valid: true, expires at: 1773809176840
[debug] [2026-03-18T03:50:32.099Z] Checked if tokens are valid: true, expires at: 1773809176840
[debug] [2026-03-18T03:50:32.099Z] >>> [apiv2][query] GET https://cloudresourcemanager.googleapis.com/v1/projects/reelx-backend [none]
[debug] [2026-03-18T03:50:32.334Z] <<< [apiv2][status] GET https://cloudresourcemanager.googleapis.com/v1/projects/reelx-backend 200
[debug] [2026-03-18T03:50:32.335Z] <<< [apiv2][body] GET https://cloudresourcemanager.googleapis.com/v1/projects/reelx-backend {"projectNumber":"516028101860","projectId":"reelx-backend","lifecycleState":"ACTIVE","name":"realx","labels":{"firebase":"enabled","firebase-core":"disabled"},"createTime":"2026-01-07T17:21:42.419564Z"}
[info] i  functions: preparing codebase default for deployment 
[info] i  functions: ensuring required API cloudfunctions.googleapis.com is enabled... 
[info] i  functions: ensuring required API cloudbuild.googleapis.com is enabled... 
[info] i  artifactregistry: ensuring required API artifactregistry.googleapis.com is enabled... 
[debug] [2026-03-18T03:50:32.337Z] Checked if tokens are valid: true, expires at: 1773809176840
[debug] [2026-03-18T03:50:32.337Z] Checked if tokens are valid: true, expires at: 1773809176840
[debug] [2026-03-18T03:50:32.337Z] >>> [apiv2][query] GET https://firebase.googleapis.com/v1beta1/projects/reelx-backend/adminSdkConfig [none]
[debug] [2026-03-18T03:50:33.116Z] <<< [apiv2][status] GET https://firebase.googleapis.com/v1beta1/projects/reelx-backend/adminSdkConfig 200
[debug] [2026-03-18T03:50:33.116Z] <<< [apiv2][body] GET https://firebase.googleapis.com/v1beta1/projects/reelx-backend/adminSdkConfig {"projectId":"reelx-backend","storageBucket":"reelx-backend.firebasestorage.app"}
[debug] [2026-03-18T03:50:33.118Z] Validating nodejs source
[warn] ⚠  functions: Runtime Node.js 20 will be deprecated on 2026-04-30 and will be decommissioned on 2026-10-30, after which you will not be able to deploy without upgrading. Consider upgrading now to avoid disruption. See https://cloud.google.com/functions/docs/runtime-support for full details on the lifecycle policy 
[warn] ⚠  functions: Couldn't find firebase-functions package in your source code. Have you run 'npm install'? 
[debug] [2026-03-18T03:50:33.119Z] getFunctionsSDKVersion encountered error: Cannot find module 'firebase-functions'
Require stack:
- /opt/homebrew/lib/node_modules/firebase-tools/lib/deploy/functions/runtimes/node/versioning.js
- /opt/homebrew/lib/node_modules/firebase-tools/lib/deploy/functions/runtimes/node/index.js
- /opt/homebrew/lib/node_modules/firebase-tools/lib/deploy/functions/runtimes/index.js
- /opt/homebrew/lib/node_modules/firebase-tools/lib/deploy/functions/prepare.js
- /opt/homebrew/lib/node_modules/firebase-tools/lib/emulator/functionsEmulatorShared.js
- /opt/homebrew/lib/node_modules/firebase-tools/lib/frameworks/index.js
- /opt/homebrew/lib/node_modules/firebase-tools/lib/deploy/hosting/prepare.js
- /opt/homebrew/lib/node_modules/firebase-tools/lib/deploy/hosting/index.js
- /opt/homebrew/lib/node_modules/firebase-tools/lib/deploy/index.js
- /opt/homebrew/lib/node_modules/firebase-tools/lib/commands/deploy.js
- /opt/homebrew/lib/node_modules/firebase-tools/lib/commands/index.js
- /opt/homebrew/lib/node_modules/firebase-tools/lib/index.js
- /opt/homebrew/lib/node_modules/firebase-tools/lib/bin/cli.js
- /opt/homebrew/lib/node_modules/firebase-tools/lib/bin/firebase.js {"code":"MODULE_NOT_FOUND","requireStack":["/opt/homebrew/lib/node_modules/firebase-tools/lib/deploy/functions/runtimes/node/versioning.js","/opt/homebrew/lib/node_modules/firebase-tools/lib/deploy/functions/runtimes/node/index.js","/opt/homebrew/lib/node_modules/firebase-tools/lib/deploy/functions/runtimes/index.js","/opt/homebrew/lib/node_modules/firebase-tools/lib/deploy/functions/prepare.js","/opt/homebrew/lib/node_modules/firebase-tools/lib/emulator/functionsEmulatorShared.js","/opt/homebrew/lib/node_modules/firebase-tools/lib/frameworks/index.js","/opt/homebrew/lib/node_modules/firebase-tools/lib/deploy/hosting/prepare.js","/opt/homebrew/lib/node_modules/firebase-tools/lib/deploy/hosting/index.js","/opt/homebrew/lib/node_modules/firebase-tools/lib/deploy/index.js","/opt/homebrew/lib/node_modules/firebase-tools/lib/commands/deploy.js","/opt/homebrew/lib/node_modules/firebase-tools/lib/commands/index.js","/opt/homebrew/lib/node_modules/firebase-tools/lib/index.js","/opt/homebrew/lib/node_modules/firebase-tools/lib/bin/cli.js","/opt/homebrew/lib/node_modules/firebase-tools/lib/bin/firebase.js"]}
[debug] [2026-03-18T03:50:33.120Z] checkFunctionsSDKVersion encountered error: Invalid Version:  {}
[debug] [2026-03-18T03:50:33.120Z] > [functions] package.json contents: {
  "name": "functions",
  "scripts": {
    "lint": "ESLINT_USE_FLAT_CONFIG=false eslint .",
    "build": "tsc",
    "build:watch": "tsc --watch",
    "serve": "npm run build && firebase emulators:start --only functions",
    "shell": "npm run build && firebase functions:shell",
    "start": "npm run shell",
    "deploy": "firebase deploy --only functions",
    "logs": "firebase functions:log"
  },
  "engines": {
    "node": "20"
  },
  "main": "lib/index.js",
  "dependencies": {
    "firebase-admin": "^13.6.0",
    "firebase-functions": "^7.0.0"
  },
  "devDependencies": {
    "@typescript-eslint/eslint-plugin": "^5.12.0",
    "@typescript-eslint/parser": "^5.12.0",
    "eslint": "^8.9.0",
    "eslint-config-google": "^0.14.0",
    "eslint-plugin-import": "^2.25.4",
    "firebase-functions-test": "^3.4.1",
    "typescript": "^5.7.3"
  },
  "private": true
}
[debug] [2026-03-18T03:50:33.121Z] Building nodejs source
[info] i  functions: Loading and analyzing source code for codebase default to determine what to deploy 
[debug] [2026-03-18T03:50:33.121Z] Could not parse firebase-functions version '' into semver.
[debug] [2026-03-18T03:50:33.121Z] Could not find functions.yaml. Must use http discovery
[debug] [2026-03-18T03:50:33.442Z] Error: Cannot find module 'firebase-functions'
Require stack:
- /opt/homebrew/lib/node_modules/firebase-tools/lib/deploy/functions/runtimes/node/index.js
- /opt/homebrew/lib/node_modules/firebase-tools/lib/deploy/functions/runtimes/index.js
- /opt/homebrew/lib/node_modules/firebase-tools/lib/deploy/functions/prepare.js
- /opt/homebrew/lib/node_modules/firebase-tools/lib/emulator/functionsEmulatorShared.js
- /opt/homebrew/lib/node_modules/firebase-tools/lib/frameworks/index.js
- /opt/homebrew/lib/node_modules/firebase-tools/lib/deploy/hosting/prepare.js
- /opt/homebrew/lib/node_modules/firebase-tools/lib/deploy/hosting/index.js
- /opt/homebrew/lib/node_modules/firebase-tools/lib/deploy/index.js
- /opt/homebrew/lib/node_modules/firebase-tools/lib/commands/deploy.js
- /opt/homebrew/lib/node_modules/firebase-tools/lib/commands/index.js
- /opt/homebrew/lib/node_modules/firebase-tools/lib/index.js
- /opt/homebrew/lib/node_modules/firebase-tools/lib/bin/cli.js
- /opt/homebrew/lib/node_modules/firebase-tools/lib/bin/firebase.js
    at Module._resolveFilename (node:internal/modules/cjs/loader:1212:15)
    at Function.resolve (node:internal/modules/helpers:193:19)
    at Delegate.findFunctionsBinary (/opt/homebrew/lib/node_modules/firebase-tools/lib/deploy/functions/runtimes/node/index.js:101:33)
    at Delegate.spawnFunctionsProcess (/opt/homebrew/lib/node_modules/firebase-tools/lib/deploy/functions/runtimes/node/index.js:131:30)
    at Delegate.serveAdmin (/opt/homebrew/lib/node_modules/firebase-tools/lib/deploy/functions/runtimes/node/index.js:152:35)
    at Delegate.discoverBuild (/opt/homebrew/lib/node_modules/firebase-tools/lib/deploy/functions/runtimes/node/index.js:192:41)
    at process.processTicksAndRejections (node:internal/process/task_queues:95:5)
    at async loadCodebases (/opt/homebrew/lib/node_modules/firebase-tools/lib/deploy/functions/prepare.js:330:33)
    at async prepare (/opt/homebrew/lib/node_modules/firebase-tools/lib/deploy/functions/prepare.js:69:24)
    at async chain (/opt/homebrew/lib/node_modules/firebase-tools/lib/deploy/index.js:43:9)
[error] 
[error] Error: An unexpected error has occurred.
[debug] [2026-03-18T03:50:33.711Z] Error: EPERM: operation not permitted, open '/Users/alcadeus/.config/configstore/firebase-tools.json.574589777'
    at Object.openSync (node:fs:574:18)
    at Function.writeFileSync [as sync] (/opt/homebrew/lib/node_modules/firebase-tools/node_modules/write-file-atomic/index.js:205:13)
    at set all [as all] (/opt/homebrew/lib/node_modules/firebase-tools/node_modules/configstore/index.js:61:20)
    at Configstore.set (/opt/homebrew/lib/node_modules/firebase-tools/node_modules/configstore/index.js:91:12)
    at process.<anonymous> (/opt/homebrew/lib/node_modules/firebase-tools/lib/bin/cli.js:62:39)
    at process.emit (node:events:536:35)
    at process.exit (node:internal/process/per_thread:184:15)
    at Timeout._onTimeout (/opt/homebrew/lib/node_modules/firebase-tools/lib/errorOut.js:20:17)
    at listOnTimeout (node:internal/timers:581:17)
    at process.processTimers (node:internal/timers:519:7)
[error] 
[error] Error: An unexpected error has occurred.
[debug] [2026-03-18T03:50:52.970Z] ----------------------------------------------------------------------
[debug] [2026-03-18T03:50:52.971Z] Command:       /Users/alcadeus/.nvm/versions/node/v20.19.4/bin/node /opt/homebrew/bin/firebase deploy --only functions --force
[debug] [2026-03-18T03:50:52.971Z] CLI Version:   15.3.1
[debug] [2026-03-18T03:50:52.971Z] Platform:      darwin
[debug] [2026-03-18T03:50:52.971Z] Node Version:  v20.19.4
[debug] [2026-03-18T03:50:52.972Z] Time:          Wed Mar 18 2026 06:50:52 GMT+0300 (Arabian Standard Time)
[debug] [2026-03-18T03:50:52.972Z] ----------------------------------------------------------------------
[debug] 
[debug] [2026-03-18T03:50:53.276Z] > command requires scopes: ["email","openid","https://www.googleapis.com/auth/cloudplatformprojects.readonly","https://www.googleapis.com/auth/firebase","https://www.googleapis.com/auth/cloud-platform"]
[debug] [2026-03-18T03:50:53.276Z] > authorizing via signed-in user (aazamthakur@gmail.com)
[debug] [2026-03-18T03:50:53.276Z] [iam] checking project reelx-backend for permissions ["cloudfunctions.functions.create","cloudfunctions.functions.delete","cloudfunctions.functions.get","cloudfunctions.functions.list","cloudfunctions.functions.update","cloudfunctions.operations.get","firebase.projects.get"]
[debug] [2026-03-18T03:50:53.277Z] Checked if tokens are valid: true, expires at: 1773809176840
[debug] [2026-03-18T03:50:53.277Z] Checked if tokens are valid: true, expires at: 1773809176840
[debug] [2026-03-18T03:50:53.277Z] >>> [apiv2][query] POST https://cloudresourcemanager.googleapis.com/v1/projects/reelx-backend:testIamPermissions [none]
[debug] [2026-03-18T03:50:53.277Z] >>> [apiv2][(partial)header] POST https://cloudresourcemanager.googleapis.com/v1/projects/reelx-backend:testIamPermissions x-goog-quota-user=projects/reelx-backend
[debug] [2026-03-18T03:50:53.277Z] >>> [apiv2][body] POST https://cloudresourcemanager.googleapis.com/v1/projects/reelx-backend:testIamPermissions {"permissions":["cloudfunctions.functions.create","cloudfunctions.functions.delete","cloudfunctions.functions.get","cloudfunctions.functions.list","cloudfunctions.functions.update","cloudfunctions.operations.get","firebase.projects.get"]}
[debug] [2026-03-18T03:50:54.479Z] <<< [apiv2][status] POST https://cloudresourcemanager.googleapis.com/v1/projects/reelx-backend:testIamPermissions 200
[debug] [2026-03-18T03:50:54.479Z] <<< [apiv2][body] POST https://cloudresourcemanager.googleapis.com/v1/projects/reelx-backend:testIamPermissions {"permissions":["cloudfunctions.functions.create","cloudfunctions.functions.delete","cloudfunctions.functions.get","cloudfunctions.functions.list","cloudfunctions.functions.update","cloudfunctions.operations.get","firebase.projects.get"]}
[debug] [2026-03-18T03:50:54.479Z] Checked if tokens are valid: true, expires at: 1773809176840
[debug] [2026-03-18T03:50:54.479Z] Checked if tokens are valid: true, expires at: 1773809176840
[debug] [2026-03-18T03:50:54.479Z] >>> [apiv2][query] POST https://iam.googleapis.com/v1/projects/reelx-backend/serviceAccounts/reelx-backend@appspot.gserviceaccount.com:testIamPermissions [none]
[debug] [2026-03-18T03:50:54.479Z] >>> [apiv2][body] POST https://iam.googleapis.com/v1/projects/reelx-backend/serviceAccounts/reelx-backend@appspot.gserviceaccount.com:testIamPermissions {"permissions":["iam.serviceAccounts.actAs"]}
